<?xml version="1.0" encoding="UTF-8"?>
<!-- Generated by org.testng.reporters.JUnitXMLReporter -->
<testsuite ignored="0" hostname="Amar" failures="2" tests="2" name="Test" time="12.369" errors="0" timestamp="2025-11-03T22:06:10 IST">
  <testcase classname="Testcases.Vaps_Login_Test" name="validLogin" time="3.405">
    <failure type="java.lang.AssertionError" message="expected [https://ivrm-uat1-next.azurewebsites.net/] but found [https://ivrm-uat1-next.azurewebsites.net/VVVS]">
      <![CDATA[java.lang.AssertionError: expected [https://ivrm-uat1-next.azurewebsites.net/] but found [https://ivrm-uat1-next.azurewebsites.net/VVVS]
at Testcases.Vaps_Login_Test.validLogin(Vaps_Login_Test.java:34)
at java.base/java.util.ArrayList.forEach(ArrayList.java:1596)
... Removed 31 stack frames]]>
    </failure>
  </testcase> <!-- validLogin -->
  <testcase classname="Testcases.Vaps_Login_Test" name="invalidLogin" time="3.365">
    <failure type="java.lang.AssertionError" message="expected [https://ivrm-uat1-next.azurewebsites.net/] but found [https://ivrm-uat1-next.azurewebsites.net/VVVS]">
      <![CDATA[java.lang.AssertionError: expected [https://ivrm-uat1-next.azurewebsites.net/] but found [https://ivrm-uat1-next.azurewebsites.net/VVVS]
at Testcases.Vaps_Login_Test.invalidLogin(Vaps_Login_Test.java:43)
at java.base/java.util.ArrayList.forEach(ArrayList.java:1596)
... Removed 31 stack frames]]>
    </failure>
  </testcase> <!-- invalidLogin -->
</testsuite> <!-- Test -->
