<?xml version="1.0" encoding="UTF-8"?>
<testng-results ignored="0" total="2" passed="2" failed="0" skipped="0">
  <reporter-output>
  </reporter-output>
  <suite started-at="2025-11-20T23:36:54 IST" name="Default suite" finished-at="2025-11-20T23:37:22 IST" duration-ms="27661">
    <groups>
    </groups>
    <test started-at="2025-11-20T23:36:54 IST" name="Default test" finished-at="2025-11-20T23:37:22 IST" duration-ms="27661">
      <class name="Admission_Transaction.Preadmission_Form">
        <test-method is-config="true" signature="setUpTest(java.lang.String)[pri:0, instance:Admission_Transaction.Preadmission_Form@fbd1f6]" started-at="2025-11-20T23:36:54 IST" name="setUpTest" finished-at="2025-11-20T23:36:57 IST" duration-ms="2094" status="PASS">
          <params>
            <param index="0">
              <value>
                <![CDATA[chrome]]>
              </value>
            </param>
          </params>
          <reporter-output>
          </reporter-output>
        </test-method> <!-- setUpTest -->
        <test-method signature="preadmissionFormTest()[pri:1, instance:Admission_Transaction.Preadmission_Form@fbd1f6]" started-at="2025-11-20T23:36:57 IST" name="preadmissionFormTest" finished-at="2025-11-20T23:37:00 IST" duration-ms="3531" status="PASS">
          <reporter-output>
          </reporter-output>
        </test-method> <!-- preadmissionFormTest -->
        <test-method signature="fillPreadmissionFormTest()[pri:2, instance:Admission_Transaction.Preadmission_Form@fbd1f6]" started-at="2025-11-20T23:37:00 IST" name="fillPreadmissionFormTest" finished-at="2025-11-20T23:37:22 IST" duration-ms="21994" status="PASS">
          <reporter-output>
          </reporter-output>
        </test-method> <!-- fillPreadmissionFormTest -->
      </class> <!-- Admission_Transaction.Preadmission_Form -->
    </test> <!-- Default test -->
  </suite> <!-- Default suite -->
</testng-results>
