<?xml version="1.0" encoding="UTF-8"?>
<!-- Generated by org.testng.reporters.JUnitReportReporter -->
<testsuite hostname="Amar" failures="0" tests="2" name="Admission_Transaction.Preadmission_Form" time="25.525" errors="0" timestamp="2025-11-20T23:37:22 IST" skipped="0">
  <testcase classname="Admission_Transaction.Preadmission_Form" name="preadmissionFormTest" time="3.531"/>
  <testcase classname="Admission_Transaction.Preadmission_Form" name="fillPreadmissionFormTest" time="21.994"/>
</testsuite> <!-- Admission_Transaction.Preadmission_Form -->
